Determining if the pthread_create exist failed with the following output:
Change Dir: /home/wijayw/Desktop/tliu_trt/CMakeFiles/CMakeTmp

Run Build Command:"/usr/bin/make" "cmTC_e9cc3/fast"
/usr/bin/make -f CMakeFiles/cmTC_e9cc3.dir/build.make CMakeFiles/cmTC_e9cc3.dir/build
make[1]: Entering directory '/home/wijayw/Desktop/tliu_trt/CMakeFiles/CMakeTmp'
Building CXX object CMakeFiles/cmTC_e9cc3.dir/CheckSymbolExists.cxx.o
/usr/bin/c++     -o CMakeFiles/cmTC_e9cc3.dir/CheckSymbolExists.cxx.o -c /home/wijayw/Desktop/tliu_trt/CMakeFiles/CMakeTmp/CheckSymbolExists.cxx
Linking CXX executable cmTC_e9cc3
/usr/bin/cmake -E cmake_link_script CMakeFiles/cmTC_e9cc3.dir/link.txt --verbose=1
/usr/bin/c++       CMakeFiles/cmTC_e9cc3.dir/CheckSymbolExists.cxx.o  -o cmTC_e9cc3 
CMakeFiles/cmTC_e9cc3.dir/CheckSymbolExists.cxx.o: In function `main':
CheckSymbolExists.cxx:(.text+0x14): undefined reference to `pthread_create'
CheckSymbolExists.cxx:(.text+0x18): undefined reference to `pthread_create'
collect2: error: ld returned 1 exit status
CMakeFiles/cmTC_e9cc3.dir/build.make:97: recipe for target 'cmTC_e9cc3' failed
make[1]: *** [cmTC_e9cc3] Error 1
make[1]: Leaving directory '/home/wijayw/Desktop/tliu_trt/CMakeFiles/CMakeTmp'
Makefile:126: recipe for target 'cmTC_e9cc3/fast' failed
make: *** [cmTC_e9cc3/fast] Error 2

File /home/wijayw/Desktop/tliu_trt/CMakeFiles/CMakeTmp/CheckSymbolExists.cxx:
/* */
#include <pthread.h>

int main(int argc, char** argv)
{
  (void)argv;
#ifndef pthread_create
  return ((int*)(&pthread_create))[argc];
#else
  (void)argc;
  return 0;
#endif
}

Determining if the function pthread_create exists in the pthreads failed with the following output:
Change Dir: /home/wijayw/Desktop/tliu_trt/CMakeFiles/CMakeTmp

Run Build Command:"/usr/bin/make" "cmTC_035ed/fast"
/usr/bin/make -f CMakeFiles/cmTC_035ed.dir/build.make CMakeFiles/cmTC_035ed.dir/build
make[1]: Entering directory '/home/wijayw/Desktop/tliu_trt/CMakeFiles/CMakeTmp'
Building CXX object CMakeFiles/cmTC_035ed.dir/CheckFunctionExists.cxx.o
/usr/bin/c++    -DCHECK_FUNCTION_EXISTS=pthread_create   -o CMakeFiles/cmTC_035ed.dir/CheckFunctionExists.cxx.o -c /home/wijayw/Desktop/tliu_trt/CMakeFiles/CheckLibraryExists/CheckFunctionExists.cxx
Linking CXX executable cmTC_035ed
/usr/bin/cmake -E cmake_link_script CMakeFiles/cmTC_035ed.dir/link.txt --verbose=1
/usr/bin/c++   -DCHECK_FUNCTION_EXISTS=pthread_create    CMakeFiles/cmTC_035ed.dir/CheckFunctionExists.cxx.o  -o cmTC_035ed -lpthreads 
/usr/bin/ld: cannot find -lpthreads
collect2: error: ld returned 1 exit status
CMakeFiles/cmTC_035ed.dir/build.make:97: recipe for target 'cmTC_035ed' failed
make[1]: *** [cmTC_035ed] Error 1
make[1]: Leaving directory '/home/wijayw/Desktop/tliu_trt/CMakeFiles/CMakeTmp'
Makefile:126: recipe for target 'cmTC_035ed/fast' failed
make: *** [cmTC_035ed/fast] Error 2


